<?xml version="1.0" encoding="UTF-8"?>
<testsuite xmlns:xsi="http://www.w3.org/2001/XMLSchema-instance" xsi:noNamespaceSchemaLocation="https://maven.apache.org/surefire/maven-surefire-plugin/xsd/surefire-test-report-3.0.xsd" version="3.0" name="TestFindFilename" time="0.077" tests="5" errors="0" skipped="0" failures="0">
  <properties>
[...]
</properties>
  <testcase name="testFileNameMissing" classname="TestFindFilename" time="0.037"/>
  <testcase name="testNoOccurrences" classname="TestFindFilename" time="0.006"/>
  <testcase name="testFilenameFormatShouldFail" classname="TestFindFilename" time="0.002"/>
  <testcase name="testMultipleOccurrencesPerRow" classname="TestFindFilename" time="0.002"/>
  <testcase name="testFileShouldNotExist" classname="TestFindFilename" time="0.001"/>
</testsuite>